<?xml version="1.0" encoding="UTF-8"?>
<robot generator="Robot 3.2.2 (Python 3.8.5 on win32)" generated="20210119 19:51:25.149" rpa="false">
<suite id="s1" name="Hotel Form" source="C:\Users\Usuario\Documents\bootcamptest\robotframework\qaminds_rf_2021\QAMinds_RF_05\hotel_form.robot">
<test id="s1-t1" name="Fill Hotel Form">
<kw name="ChromeDriver Setup" library="driver_setup" type="setup">
<kw name="Split Path" library="OperatingSystem">
<doc>Splits the given path from the last path separator (``/`` or ``\``).</doc>
<arguments>
<arg>C:\\Users\\Usuario\\Documents\\bootcamptest\\robotframework\\qaminds_rf_2021\\QAMinds_RF_05</arg>
</arguments>
<assign>
<var>${parent_path}</var>
<var>${dir}</var>
</assign>
<msg timestamp="20210119 19:51:25.945" level="INFO">${parent_path} = C:\Users\Usuario\Documents\bootcamptest\robotframework\qaminds_rf_2021</msg>
<msg timestamp="20210119 19:51:25.945" level="INFO">${dir} = QAMinds_RF_05</msg>
<status status="PASS" starttime="20210119 19:51:25.945" endtime="20210119 19:51:25.945"></status>
</kw>
<kw name="Create Webdriver" library="SeleniumLibrary">
<doc>Creates an instance of Selenium WebDriver.</doc>
<arguments>
<arg>Chrome</arg>
<arg>executable_path=${parent_path}\\drivers\\chromedriver.exe</arg>
</arguments>
<msg timestamp="20210119 19:51:25.961" level="INFO">Creating an instance of the Chrome WebDriver.</msg>
<status status="PASS" starttime="20210119 19:51:25.945" endtime="20210119 19:51:30.000"></status>
</kw>
<status status="PASS" starttime="20210119 19:51:25.945" endtime="20210119 19:51:30.000"></status>
</kw>
<kw name="Go To" library="SeleniumLibrary">
<doc>Navigates the current browser window to the provided ``url``.</doc>
<arguments>
<arg>https://formsmarts.com/form/axi?mode=h5</arg>
</arguments>
<msg timestamp="20210119 19:51:30.016" level="INFO">Opening url 'https://formsmarts.com/form/axi?mode=h5'</msg>
<status status="PASS" starttime="20210119 19:51:30.016" endtime="20210119 19:51:32.613"></status>
</kw>
<kw name="Input Text" library="SeleniumLibrary">
<doc>Types the given ``text`` into the text field identified by ``locator``.</doc>
<arguments>
<arg>u_KqI_60857</arg>
<arg>Sandra</arg>
</arguments>
<msg timestamp="20210119 19:51:32.613" level="INFO">Typing text 'Sandra' into text field 'u_KqI_60857'.</msg>
<kw name="Capture Page Screenshot" library="SeleniumLibrary">
<doc>Takes a screenshot of the current page and embeds it into a log file.</doc>
<msg timestamp="20210119 19:51:33.109" level="INFO" html="yes">&lt;/td&gt;&lt;/tr&gt;&lt;tr&gt;&lt;td colspan="3"&gt;&lt;a href="selenium-screenshot-8.png"&gt;&lt;img src="selenium-screenshot-8.png" width="800px"&gt;&lt;/a&gt;</msg>
<status status="PASS" starttime="20210119 19:51:32.653" endtime="20210119 19:51:33.109"></status>
</kw>
<msg timestamp="20210119 19:51:33.109" level="FAIL">Element with locator 'u_KqI_60857' not found.</msg>
<status status="FAIL" starttime="20210119 19:51:32.613" endtime="20210119 19:51:33.124"></status>
</kw>
<kw name="ChromeDriver Close" library="driver_setup" type="teardown">
<kw name="Close Browser" library="SeleniumLibrary">
<doc>Closes the current browser.</doc>
<status status="PASS" starttime="20210119 19:51:33.124" endtime="20210119 19:51:35.677"></status>
</kw>
<status status="PASS" starttime="20210119 19:51:33.124" endtime="20210119 19:51:35.677"></status>
</kw>
<status status="FAIL" starttime="20210119 19:51:25.945" endtime="20210119 19:51:35.677" critical="yes">Element with locator 'u_KqI_60857' not found.</status>
</test>
<status status="FAIL" starttime="20210119 19:51:25.149" endtime="20210119 19:51:35.677"></status>
</suite>
<statistics>
<total>
<stat pass="0" fail="1">Critical Tests</stat>
<stat pass="0" fail="1">All Tests</stat>
</total>
<tag>
</tag>
<suite>
<stat pass="0" fail="1" id="s1" name="Hotel Form">Hotel Form</stat>
</suite>
</statistics>
<errors>
</errors>
</robot>
